<?xml version="1.0" encoding="UTF-8"?>
<testng-results ignored="0" total="0" passed="0" failed="0" skipped="0">
  <reporter-output>
  </reporter-output>
  <suite started-at="2025-04-12T19:06:13 PET" name="Default suite" finished-at="2025-04-12T19:06:13 PET" duration-ms="16">
    <groups>
    </groups>
    <test started-at="2025-04-12T19:06:13 PET" name="Default test" finished-at="2025-04-12T19:06:13 PET" duration-ms="16">
    </test> <!-- Default test -->
  </suite> <!-- Default suite -->
</testng-results>
